Log file open, 02/29/20 12:25:18
LogWindows: Failed to load 'aqProf.dll' (GetLastError=126)
LogWindows: File 'aqProf.dll' does not exist
LogWindows: Failed to load 'VtuneApi.dll' (GetLastError=126)
LogWindows: File 'VtuneApi.dll' does not exist
LogWindows: Failed to load 'VtuneApi32e.dll' (GetLastError=126)
LogWindows: File 'VtuneApi32e.dll' does not exist
LogConsoleResponse: Display: Failed to find resolution value strings in scalability ini. Falling back to default.
LogInit: Display: Running engine for game: JamProject
LogPlatformFile: Not using cached read wrapper
LogTaskGraph: Started task graph with 5 named threads and 23 total threads with 3 sets of task threads.
LogStats: Stats thread started at 0.638899
LogD3D11RHI: Loaded GFSDK_Aftermath_Lib.x64.dll
LogICUInternationalization: ICU TimeZone Detection - Raw Offset: +3:00, Platform Override: ''
LogPluginManager: Mounting plugin Paper2D
LogPluginManager: Mounting plugin AISupport
LogPluginManager: Mounting plugin LightPropagationVolume
LogPluginManager: Mounting plugin ActorLayerUtilities
LogPluginManager: Mounting plugin AnimationSharing
LogPluginManager: Mounting plugin CLionSourceCodeAccess
LogPluginManager: Mounting plugin CodeLiteSourceCodeAccess
LogPluginManager: Mounting plugin GitSourceControl
LogPluginManager: Mounting plugin KDevelopSourceCodeAccess
LogPluginManager: Mounting plugin NullSourceCodeAccess
LogPluginManager: Mounting plugin PerforceSourceControl
LogPluginManager: Mounting plugin PlasticSourceControl
LogPluginManager: Mounting plugin SubversionSourceControl
LogPluginManager: Mounting plugin UObjectPlugin
LogPluginManager: Mounting plugin VisualStudioCodeSourceCodeAccess
LogPluginManager: Mounting plugin VisualStudioSourceCodeAccess
LogPluginManager: Mounting plugin XCodeSourceCodeAccess
LogPluginManager: Mounting plugin AssetManagerEditor
LogPluginManager: Mounting plugin CryptoKeys
LogPluginManager: Mounting plugin CurveEditorTools
LogPluginManager: Mounting plugin DataValidation
LogPluginManager: Mounting plugin FacialAnimation
LogPluginManager: Mounting plugin GameplayTagsEditor
LogPluginManager: Mounting plugin MacGraphicsSwitching
LogPluginManager: Mounting plugin MaterialAnalyzer
LogPluginManager: Mounting plugin MobileLauncherProfileWizard
LogPluginManager: Mounting plugin PluginBrowser
LogPluginManager: Mounting plugin SpeedTreeImporter
LogPluginManager: Mounting plugin DatasmithContent
LogPluginManager: Mounting plugin VariantManagerContent
LogPluginManager: Mounting plugin AlembicImporter
LogPluginManager: Mounting plugin AutomationUtils
LogPluginManager: Mounting plugin BackChannel
LogPluginManager: Mounting plugin CharacterAI
LogPluginManager: Mounting plugin GeometryCache
LogPluginManager: Mounting plugin PlatformCrypto
LogPluginManager: Mounting plugin ProxyLODPlugin
LogPluginManager: Mounting plugin SkeletalReduction
LogPluginManager: Mounting plugin MagicLeap
LogPluginManager: Mounting plugin MagicLeapMedia
LogPluginManager: Mounting plugin MLSDK
LogPluginManager: Mounting plugin AndroidMedia
LogPluginManager: Mounting plugin AvfMedia
LogPluginManager: Mounting plugin ImgMedia
LogPluginManager: Mounting plugin MediaCompositing
LogPluginManager: Mounting plugin MediaPlayerEditor
LogPluginManager: Mounting plugin WebMMedia
LogPluginManager: Mounting plugin WmfMedia
LogPluginManager: Mounting plugin TcpMessaging
LogPluginManager: Mounting plugin UdpMessaging
LogPluginManager: Mounting plugin ActorSequence
LogPluginManager: Mounting plugin LevelSequenceEditor
LogPluginManager: Mounting plugin MatineeToLevelSequence
LogPluginManager: Mounting plugin NetcodeUnitTest
LogPluginManager: Mounting plugin NUTUnrealEngine4
LogPluginManager: Mounting plugin OnlineSubsystemGooglePlay
LogPluginManager: Mounting plugin OnlineSubsystemIOS
LogPluginManager: Mounting plugin OnlineSubsystem
LogPluginManager: Mounting plugin OnlineSubsystemNull
LogPluginManager: Mounting plugin OnlineSubsystemUtils
LogPluginManager: Mounting plugin LauncherChunkInstaller
LogPluginManager: Mounting plugin AndroidDeviceProfileSelector
LogPluginManager: Mounting plugin AndroidMoviePlayer
LogPluginManager: Mounting plugin AndroidPermission
LogPluginManager: Mounting plugin AppleImageUtils
LogPluginManager: Mounting plugin AppleMoviePlayer
LogPluginManager: Mounting plugin ArchVisCharacter
LogPluginManager: Mounting plugin AssetTags
LogPluginManager: Mounting plugin AudioCapture
LogPluginManager: Mounting plugin CableComponent
LogPluginManager: Mounting plugin CustomMeshComponent
LogPluginManager: Mounting plugin EditableMesh
LogPluginManager: Mounting plugin ExampleDeviceProfileSelector
LogPluginManager: Mounting plugin GoogleCloudMessaging
LogPluginManager: Mounting plugin IOSDeviceProfileSelector
LogPluginManager: Mounting plugin LinuxDeviceProfileSelector
LogPluginManager: Mounting plugin LocationServicesBPLibrary
LogPluginManager: Mounting plugin MobilePatchingUtils
LogPluginManager: Mounting plugin OculusVR
LogPluginManager: Mounting plugin PhysXVehicles
LogPluginManager: Mounting plugin PostSplashScreen
LogPluginManager: Mounting plugin ProceduralMeshComponent
LogPluginManager: Mounting plugin RuntimePhysXCooking
LogPluginManager: Mounting plugin SignificanceManager
LogPluginManager: Mounting plugin SteamVR
LogPluginManager: Mounting plugin WebMMoviePlayer
LogPluginManager: Mounting plugin WindowsMoviePlayer
LogPluginManager: Mounting plugin ScreenshotTools
LogInit: Using libcurl 7.55.1-DEV
LogInit:  - built for x86_64-pc-win32
LogInit:  - supports SSL with OpenSSL/1.1.1
LogInit:  - supports HTTP deflate (compression) using libz 1.2.8
LogInit:  - other features:
LogInit:      CURL_VERSION_SSL
LogInit:      CURL_VERSION_LIBZ
LogInit:      CURL_VERSION_IPV6
LogInit:      CURL_VERSION_ASYNCHDNS
LogInit:      CURL_VERSION_LARGEFILE
LogInit:      CURL_VERSION_IDN
LogInit:  CurlRequestOptions (configurable via config and command line):
LogInit:  - bVerifyPeer = true  - Libcurl will verify peer certificate
LogInit:  - bUseHttpProxy = false  - Libcurl will NOT use HTTP proxy
LogInit:  - bDontReuseConnections = false  - Libcurl will reuse connections
LogInit:  - MaxHostConnections = 16  - Libcurl will limit the number of connections to a host
LogInit:  - LocalHostAddr = Default
LogInit:  - BufferSize = 65536
LogOnline: OSS: Creating online subsystem instance for: NULL
LogInit: WinSock: version 1.1 (2.2), MaxSocks=32767, MaxUdp=65467
LogOnline: OSS: TryLoadSubsystemAndSetDefault: Loaded subsystem for module [NULL]
LogInit: Build: ++UE4+Release-4.24-CL-11590370
LogInit: Engine Version: 4.24.3-11590370+++UE4+Release-4.24
LogInit: Compatible Engine Version: 4.24.0-10570792+++UE4+Release-4.24
LogInit: Net CL: 10570792
LogInit: OS: Windows 10 (Release 1903) (), CPU:       Intel(R) Core(TM) i7-3630QM CPU @ 2.40GHz, GPU: Intel(R) HD Graphics 4000
LogInit: Compiled (64-bit): Feb 24 2020 15:39:18
LogInit: Compiled with Visual C++: 19.16.27032.01
LogInit: Build Configuration: Development
LogInit: Branch Name: ++UE4+Release-4.24
LogInit: Command Line: 
LogInit: Base Directory: D:/SteamLibrary/epic/UE_4.24/Engine/Binaries/Win64/
LogInit: Installed Engine Build: 1
LogDevObjectVersion: Number of dev versions registered: 25
LogDevObjectVersion:   Dev-Blueprints (B0D832E4-1F89-4F0D-ACCF-7EB736FD4AA2): 10
LogDevObjectVersion:   Dev-Build (E1C64328-A22C-4D53-A36C-8E866417BD8C): 0
LogDevObjectVersion:   Dev-Core (375EC13C-06E4-48FB-B500-84F0262A717E): 3
LogDevObjectVersion:   Dev-Editor (E4B068ED-F494-42E9-A231-DA0B2E46BB41): 37
LogDevObjectVersion:   Dev-Framework (CFFC743F-43B0-4480-9391-14DF171D2073): 36
LogDevObjectVersion:   Dev-Mobile (B02B49B5-BB20-44E9-A304-32B752E40360): 2
LogDevObjectVersion:   Dev-Networking (A4E4105C-59A1-49B5-A7C5-40C4547EDFEE): 0
LogDevObjectVersion:   Dev-Online (39C831C9-5AE6-47DC-9A44-9C173E1C8E7C): 0
LogDevObjectVersion:   Dev-Physics (78F01B33-EBEA-4F98-B9B4-84EACCB95AA2): 2
LogDevObjectVersion:   Dev-Platform (6631380F-2D4D-43E0-8009-CF276956A95A): 0
LogDevObjectVersion:   Dev-Rendering (12F88B9F-8875-4AFC-A67C-D90C383ABD29): 36
LogDevObjectVersion:   Dev-Sequencer (7B5AE74C-D270-4C10-A958-57980B212A5A): 11
LogDevObjectVersion:   Dev-VR (D7296918-1DD6-4BDD-9DE2-64A83CC13884): 2
LogDevObjectVersion:   Dev-LoadTimes (C2A15278-BFE7-4AFE-6C17-90FF531DF755): 1
LogDevObjectVersion:   Private-Geometry (6EACA3D4-40EC-4CC1-B786-8BED09428FC5): 3
LogDevObjectVersion:   Dev-AnimPhys (29E575DD-E0A3-4627-9D10-D276232CDCEA): 17
LogDevObjectVersion:   Dev-Anim (AF43A65D-7FD3-4947-9873-3E8ED9C1BB05): 2
LogDevObjectVersion:   Dev-ReflectionCapture (6B266CEC-1EC7-4B8F-A30B-E4D90942FC07): 1
LogDevObjectVersion:   Dev-Automation (0DF73D61-A23F-47EA-B727-89E90C41499A): 1
LogDevObjectVersion:   FortniteMain (601D1886-AC64-4F84-AA16-D3DE0DEAC7D6): 31
LogDevObjectVersion:   Dev-Enterprise (9DFFBCD6-494F-0158-E221-12823C92A888): 8
LogDevObjectVersion:   Dev-Niagara (F2AED0AC-9AFE-416F-8664-AA7FFA26D6FC): 1
LogDevObjectVersion:   Dev-Destruction (174F1F0B-B4C6-45A5-B13F-2EE8D0FB917D): 9
LogDevObjectVersion:   Dev-Physics-Ext (35F94A83-E258-406C-A318-09F59610247C): 8
LogDevObjectVersion:   Dev-CineCamera (B2E18506-4273-CFC2-A54E-F4BB758BBA07): 1
LogInit: Presizing for max 25165824 objects, including 0 objects not considered by GC, pre-allocating 0 bytes for permanent pool.
LogInit: Object subsystem initialized
LogConfig: Setting CVar [[con.DebugEarlyDefault:1]]
LogConfig: Setting CVar [[r.setres:1280x720]]
[2020.02.29-09.25.18:826][  0]LogConfig: Setting CVar [[r.VSync:0]]
[2020.02.29-09.25.18:826][  0]LogConfig: Setting CVar [[r.RHICmdBypass:0]]
[2020.02.29-09.25.18:826][  0]LogConfig: Applying CVar settings from Section [/Script/Engine.RendererSettings] File [D:/[Projects]/[UnrealProjects]/Kraken/UnrealLegionnaries/JamProject/Saved/Config/Windows/Engine.ini]
[2020.02.29-09.25.18:826][  0]LogConfig: Setting CVar [[r.GPUCrashDebugging:0]]
[2020.02.29-09.25.18:826][  0]LogConfig: Applying CVar settings from Section [/Script/Engine.RendererOverrideSettings] File [D:/[Projects]/[UnrealProjects]/Kraken/UnrealLegionnaries/JamProject/Saved/Config/Windows/Engine.ini]
[2020.02.29-09.25.18:826][  0]LogConfig: Applying CVar settings from Section [/Script/Engine.StreamingSettings] File [D:/[Projects]/[UnrealProjects]/Kraken/UnrealLegionnaries/JamProject/Saved/Config/Windows/Engine.ini]
[2020.02.29-09.25.18:826][  0]LogConfig: Setting CVar [[s.MinBulkDataSizeForAsyncLoading:131072]]
[2020.02.29-09.25.18:826][  0]LogConfig: Setting CVar [[s.AsyncLoadingThreadEnabled:0]]
[2020.02.29-09.25.18:826][  0]LogConfig: Setting CVar [[s.EventDrivenLoaderEnabled:1]]
[2020.02.29-09.25.18:826][  0]LogConfig: Setting CVar [[s.WarnIfTimeLimitExceeded:0]]
[2020.02.29-09.25.18:826][  0]LogConfig: Setting CVar [[s.TimeLimitExceededMultiplier:1.5]]
[2020.02.29-09.25.18:826][  0]LogConfig: Setting CVar [[s.TimeLimitExceededMinTime:0.005]]
[2020.02.29-09.25.18:826][  0]LogConfig: Setting CVar [[s.UseBackgroundLevelStreaming:1]]
[2020.02.29-09.25.18:826][  0]LogConfig: Setting CVar [[s.PriorityAsyncLoadingExtraTime:15.0]]
[2020.02.29-09.25.18:826][  0]LogConfig: Setting CVar [[s.LevelStreamingActorsUpdateTimeLimit:5.0]]
[2020.02.29-09.25.18:826][  0]LogConfig: Setting CVar [[s.PriorityLevelStreamingActorsUpdateExtraTime:5.0]]
[2020.02.29-09.25.18:826][  0]LogConfig: Setting CVar [[s.LevelStreamingComponentsRegistrationGranularity:10]]
[2020.02.29-09.25.18:826][  0]LogConfig: Setting CVar [[s.UnregisterComponentsTimeLimit:1.0]]
[2020.02.29-09.25.18:826][  0]LogConfig: Setting CVar [[s.LevelStreamingComponentsUnregistrationGranularity:5]]
[2020.02.29-09.25.18:826][  0]LogConfig: Setting CVar [[s.FlushStreamingOnExit:1]]
[2020.02.29-09.25.18:826][  0]LogConfig: Applying CVar settings from Section [/Script/Engine.GarbageCollectionSettings] File [D:/[Projects]/[UnrealProjects]/Kraken/UnrealLegionnaries/JamProject/Saved/Config/Windows/Engine.ini]
[2020.02.29-09.25.18:826][  0]LogConfig: Setting CVar [[gc.MaxObjectsNotConsideredByGC:1]]
[2020.02.29-09.25.18:826][  0]LogConfig: Setting CVar [[gc.SizeOfPermanentObjectPool:0]]
[2020.02.29-09.25.18:826][  0]LogConfig: Setting CVar [[gc.FlushStreamingOnGC:0]]
[2020.02.29-09.25.18:826][  0]LogConfig: Setting CVar [[gc.NumRetriesBeforeForcingGC:10]]
[2020.02.29-09.25.18:826][  0]LogConfig: Setting CVar [[gc.AllowParallelGC:1]]
[2020.02.29-09.25.18:826][  0]LogConfig: Setting CVar [[gc.TimeBetweenPurgingPendingKillObjects:61.1]]
[2020.02.29-09.25.18:826][  0]LogConfig: Setting CVar [[gc.MaxObjectsInEditor:25165824]]
[2020.02.29-09.25.18:826][  0]LogConfig: Setting CVar [[gc.IncrementalBeginDestroyEnabled:1]]
[2020.02.29-09.25.18:826][  0]LogConfig: Setting CVar [[gc.CreateGCClusters:1]]
[2020.02.29-09.25.18:826][  0]LogConfig: Setting CVar [[gc.MinGCClusterSize:5]]
[2020.02.29-09.25.18:826][  0]LogConfig: Setting CVar [[gc.ActorClusteringEnabled:0]]
[2020.02.29-09.25.18:826][  0]LogConfig: Setting CVar [[gc.BlueprintClusteringEnabled:0]]
[2020.02.29-09.25.18:826][  0]LogConfig: Setting CVar [[gc.UseDisregardForGCOnDedicatedServers:0]]
[2020.02.29-09.25.18:826][  0]LogConfig: Applying CVar settings from Section [/Script/Engine.NetworkSettings] File [D:/[Projects]/[UnrealProjects]/Kraken/UnrealLegionnaries/JamProject/Saved/Config/Windows/Engine.ini]
[2020.02.29-09.25.18:826][  0]LogConfig: Applying CVar settings from Section [/Script/UnrealEd.CookerSettings] File [D:/[Projects]/[UnrealProjects]/Kraken/UnrealLegionnaries/JamProject/Saved/Config/Windows/Engine.ini]
[2020.02.29-09.25.18:829][  0]LogConfig: Applying CVar settings from Section [ViewDistanceQuality@3] File [D:/[Projects]/[UnrealProjects]/Kraken/UnrealLegionnaries/JamProject/Saved/Config/Windows/Scalability.ini]
[2020.02.29-09.25.18:829][  0]LogConfig: Setting CVar [[r.SkeletalMeshLODBias:0]]
[2020.02.29-09.25.18:829][  0]LogConfig: Setting CVar [[r.ViewDistanceScale:1.0]]
[2020.02.29-09.25.18:829][  0]LogConfig: Applying CVar settings from Section [AntiAliasingQuality@3] File [D:/[Projects]/[UnrealProjects]/Kraken/UnrealLegionnaries/JamProject/Saved/Config/Windows/Scalability.ini]
[2020.02.29-09.25.18:829][  0]LogConfig: Setting CVar [[r.PostProcessAAQuality:4]]
[2020.02.29-09.25.18:829][  0]LogConfig: Applying CVar settings from Section [ShadowQuality@3] File [D:/[Projects]/[UnrealProjects]/Kraken/UnrealLegionnaries/JamProject/Saved/Config/Windows/Scalability.ini]
[2020.02.29-09.25.18:829][  0]LogConfig: Setting CVar [[r.LightFunctionQuality:1]]
[2020.02.29-09.25.18:829][  0]LogConfig: Setting CVar [[r.ShadowQuality:5]]
[2020.02.29-09.25.18:829][  0]LogConfig: Setting CVar [[r.Shadow.CSM.MaxCascades:10]]
[2020.02.29-09.25.18:829][  0]LogConfig: Setting CVar [[r.Shadow.MaxResolution:2048]]
[2020.02.29-09.25.18:829][  0]LogConfig: Setting CVar [[r.Shadow.MaxCSMResolution:2048]]
[2020.02.29-09.25.18:829][  0]LogConfig: Setting CVar [[r.Shadow.RadiusThreshold:0.01]]
[2020.02.29-09.25.18:829][  0]LogConfig: Setting CVar [[r.Shadow.DistanceScale:1.0]]
[2020.02.29-09.25.18:830][  0]LogConfig: Setting CVar [[r.Shadow.CSM.TransitionScale:1.0]]
[2020.02.29-09.25.18:830][  0]LogConfig: Setting CVar [[r.Shadow.PreShadowResolutionFactor:1.0]]
[2020.02.29-09.25.18:830][  0]LogConfig: Setting CVar [[r.DistanceFieldShadowing:1]]
[2020.02.29-09.25.18:830][  0]LogConfig: Setting CVar [[r.DistanceFieldAO:1]]
[2020.02.29-09.25.18:830][  0]LogConfig: Setting CVar [[r.AOQuality:2]]
[2020.02.29-09.25.18:830][  0]LogConfig: Setting CVar [[r.VolumetricFog:1]]
[2020.02.29-09.25.18:830][  0]LogConfig: Setting CVar [[r.VolumetricFog.GridPixelSize:8]]
[2020.02.29-09.25.18:830][  0]LogConfig: Setting CVar [[r.VolumetricFog.GridSizeZ:128]]
[2020.02.29-09.25.18:830][  0]LogConfig: Setting CVar [[r.VolumetricFog.HistoryMissSupersampleCount:4]]
[2020.02.29-09.25.18:830][  0]LogConfig: Setting CVar [[r.LightMaxDrawDistanceScale:1]]
[2020.02.29-09.25.18:830][  0]LogConfig: Setting CVar [[r.CapsuleShadows:1]]
[2020.02.29-09.25.18:830][  0]LogConfig: Applying CVar settings from Section [PostProcessQuality@3] File [D:/[Projects]/[UnrealProjects]/Kraken/UnrealLegionnaries/JamProject/Saved/Config/Windows/Scalability.ini]
[2020.02.29-09.25.18:830][  0]LogConfig: Setting CVar [[r.MotionBlurQuality:4]]
[2020.02.29-09.25.18:830][  0]LogConfig: Setting CVar [[r.AmbientOcclusionMipLevelFactor:0.4]]
[2020.02.29-09.25.18:830][  0]LogConfig: Setting CVar [[r.AmbientOcclusionMaxQuality:100]]
[2020.02.29-09.25.18:830][  0]LogConfig: Setting CVar [[r.AmbientOcclusionLevels:-1]]
[2020.02.29-09.25.18:830][  0]LogConfig: Setting CVar [[r.AmbientOcclusionRadiusScale:1.0]]
[2020.02.29-09.25.18:830][  0]LogConfig: Setting CVar [[r.DepthOfFieldQuality:2]]
[2020.02.29-09.25.18:830][  0]LogConfig: Setting CVar [[r.RenderTargetPoolMin:400]]
[2020.02.29-09.25.18:830][  0]LogConfig: Setting CVar [[r.LensFlareQuality:2]]
[2020.02.29-09.25.18:830][  0]LogConfig: Setting CVar [[r.SceneColorFringeQuality:1]]
[2020.02.29-09.25.18:830][  0]LogConfig: Setting CVar [[r.EyeAdaptationQuality:2]]
[2020.02.29-09.25.18:830][  0]LogConfig: Setting CVar [[r.BloomQuality:5]]
[2020.02.29-09.25.18:830][  0]LogConfig: Setting CVar [[r.FastBlurThreshold:100]]
[2020.02.29-09.25.18:830][  0]LogConfig: Setting CVar [[r.Upscale.Quality:3]]
[2020.02.29-09.25.18:830][  0]LogConfig: Setting CVar [[r.Tonemapper.GrainQuantization:1]]
[2020.02.29-09.25.18:830][  0]LogConfig: Setting CVar [[r.LightShaftQuality:1]]
[2020.02.29-09.25.18:830][  0]LogConfig: Setting CVar [[r.Filter.SizeScale:1]]
[2020.02.29-09.25.18:830][  0]LogConfig: Setting CVar [[r.Tonemapper.Quality:5]]
[2020.02.29-09.25.18:830][  0]LogConfig: Setting CVar [[r.DOF.Gather.AccumulatorQuality:1        ; higher gathering accumulator quality]]
[2020.02.29-09.25.18:830][  0]LogConfig: Setting CVar [[r.DOF.Gather.PostfilterMethod:1          ; Median3x3 postfilering method]]
[2020.02.29-09.25.18:830][  0]LogConfig: Setting CVar [[r.DOF.Gather.EnableBokehSettings:0       ; no bokeh simulation when gathering]]
[2020.02.29-09.25.18:830][  0]LogConfig: Setting CVar [[r.DOF.Gather.RingCount:4                 ; medium number of samples when gathering]]
[2020.02.29-09.25.18:830][  0]LogConfig: Setting CVar [[r.DOF.Scatter.ForegroundCompositing:1    ; additive foreground scattering]]
[2020.02.29-09.25.18:830][  0]LogConfig: Setting CVar [[r.DOF.Scatter.BackgroundCompositing:2    ; additive background scattering]]
[2020.02.29-09.25.18:830][  0]LogConfig: Setting CVar [[r.DOF.Scatter.EnableBokehSettings:1      ; bokeh simulation when scattering]]
[2020.02.29-09.25.18:830][  0]LogConfig: Setting CVar [[r.DOF.Scatter.MaxSpriteRatio:0.1         ; only a maximum of 10% of scattered bokeh]]
[2020.02.29-09.25.18:830][  0]LogConfig: Setting CVar [[r.DOF.Recombine.Quality:1                ; cheap slight out of focus]]
[2020.02.29-09.25.18:830][  0]LogConfig: Setting CVar [[r.DOF.Recombine.EnableBokehSettings:0    ; no bokeh simulation on slight out of focus]]
[2020.02.29-09.25.18:830][  0]LogConfig: Setting CVar [[r.DOF.TemporalAAQuality:1                ; more stable temporal accumulation]]
[2020.02.29-09.25.18:830][  0]LogConfig: Setting CVar [[r.DOF.Kernel.MaxForegroundRadius:0.025]]
[2020.02.29-09.25.18:830][  0]LogConfig: Setting CVar [[r.DOF.Kernel.MaxBackgroundRadius:0.025]]
[2020.02.29-09.25.18:830][  0]LogConfig: Applying CVar settings from Section [TextureQuality@3] File [D:/[Projects]/[UnrealProjects]/Kraken/UnrealLegionnaries/JamProject/Saved/Config/Windows/Scalability.ini]
[2020.02.29-09.25.18:830][  0]LogConfig: Setting CVar [[r.Streaming.MipBias:0]]
[2020.02.29-09.25.18:830][  0]LogConfig: Setting CVar [[r.Streaming.AmortizeCPUToGPUCopy:0]]
[2020.02.29-09.25.18:830][  0]LogConfig: Setting CVar [[r.Streaming.MaxNumTexturesToStreamPerFrame:0]]
[2020.02.29-09.25.18:830][  0]LogConfig: Setting CVar [[r.Streaming.Boost:1]]
[2020.02.29-09.25.18:830][  0]LogConfig: Setting CVar [[r.MaxAnisotropy:8]]
[2020.02.29-09.25.18:830][  0]LogConfig: Setting CVar [[r.VT.MaxAnisotropy:8]]
[2020.02.29-09.25.18:830][  0]LogConfig: Setting CVar [[r.Streaming.LimitPoolSizeToVRAM:0]]
[2020.02.29-09.25.18:830][  0]LogConfig: Setting CVar [[r.Streaming.PoolSize:1000]]
[2020.02.29-09.25.18:830][  0]LogConfig: Setting CVar [[r.Streaming.MaxEffectiveScreenSize:0]]
[2020.02.29-09.25.18:831][  0]LogConfig: Applying CVar settings from Section [EffectsQuality@3] File [D:/[Projects]/[UnrealProjects]/Kraken/UnrealLegionnaries/JamProject/Saved/Config/Windows/Scalability.ini]
[2020.02.29-09.25.18:831][  0]LogConfig: Setting CVar [[r.TranslucencyLightingVolumeDim:64]]
[2020.02.29-09.25.18:831][  0]LogConfig: Setting CVar [[r.RefractionQuality:2]]
[2020.02.29-09.25.18:831][  0]LogConfig: Setting CVar [[r.SSR.Quality:3]]
[2020.02.29-09.25.18:831][  0]LogConfig: Setting CVar [[r.SSR.HalfResSceneColor:0]]
[2020.02.29-09.25.18:831][  0]LogConfig: Setting CVar [[r.SceneColorFormat:4]]
[2020.02.29-09.25.18:831][  0]LogConfig: Setting CVar [[r.DetailMode:2]]
[2020.02.29-09.25.18:831][  0]LogConfig: Setting CVar [[r.TranslucencyVolumeBlur:1]]
[2020.02.29-09.25.18:831][  0]LogConfig: Setting CVar [[r.MaterialQualityLevel:1 ; High quality]]
[2020.02.29-09.25.18:831][  0]LogConfig: Setting CVar [[r.SSS.Scale:1]]
[2020.02.29-09.25.18:831][  0]LogConfig: Setting CVar [[r.SSS.SampleSet:2]]
[2020.02.29-09.25.18:831][  0]LogConfig: Setting CVar [[r.SSS.Quality:1]]
[2020.02.29-09.25.18:831][  0]LogConfig: Setting CVar [[r.SSS.HalfRes:1]]
[2020.02.29-09.25.18:831][  0]LogConfig: Setting CVar [[r.SSGI.Quality:3]]
[2020.02.29-09.25.18:831][  0]LogConfig: Setting CVar [[r.EmitterSpawnRateScale:1.0]]
[2020.02.29-09.25.18:831][  0]LogConfig: Setting CVar [[r.ParticleLightQuality:2]]
[2020.02.29-09.25.18:831][  0]LogConfig: Setting CVar [[r.SkyAtmosphere.AerialPerspectiveLUT.FastApplyOnOpaque:1 ; Always have FastSkyLUT 1 in this case to avoid wrong sky]]
[2020.02.29-09.25.18:831][  0]LogConfig: Setting CVar [[r.SkyAtmosphere.AerialPerspectiveLUT.SampleCountPerSlice:1]]
[2020.02.29-09.25.18:831][  0]LogConfig: Setting CVar [[r.SkyAtmosphere.AerialPerspectiveLUT.DepthResolution:16.0]]
[2020.02.29-09.25.18:831][  0]LogConfig: Setting CVar [[r.SkyAtmosphere.FastSkyLUT:1]]
[2020.02.29-09.25.18:831][  0]LogConfig: Setting CVar [[r.SkyAtmosphere.FastSkyLUT.SampleCountMin:4.0]]
[2020.02.29-09.25.18:831][  0]LogConfig: Setting CVar [[r.SkyAtmosphere.FastSkyLUT.SampleCountMax:32.0]]
[2020.02.29-09.25.18:831][  0]LogConfig: Setting CVar [[r.SkyAtmosphere.SampleCountMin:4.0]]
[2020.02.29-09.25.18:831][  0]LogConfig: Setting CVar [[r.SkyAtmosphere.SampleCountMax:32.0]]
[2020.02.29-09.25.18:831][  0]LogConfig: Setting CVar [[r.SkyAtmosphere.TransmittanceLUT.UseSmallFormat:0]]
[2020.02.29-09.25.18:831][  0]LogConfig: Setting CVar [[r.SkyAtmosphere.TransmittanceLUT.SampleCount:10.0]]
[2020.02.29-09.25.18:831][  0]LogConfig: Setting CVar [[r.SkyAtmosphere.MultiScatteringLUT.SampleCount:15.0]]
[2020.02.29-09.25.18:831][  0]LogConfig: Applying CVar settings from Section [FoliageQuality@3] File [D:/[Projects]/[UnrealProjects]/Kraken/UnrealLegionnaries/JamProject/Saved/Config/Windows/Scalability.ini]
[2020.02.29-09.25.18:831][  0]LogConfig: Setting CVar [[foliage.DensityScale:1.0]]
[2020.02.29-09.25.18:831][  0]LogConfig: Setting CVar [[grass.DensityScale:1.0]]
[2020.02.29-09.25.18:831][  0]LogConfig: Applying CVar settings from Section [ShadingQuality@3] File [D:/[Projects]/[UnrealProjects]/Kraken/UnrealLegionnaries/JamProject/Saved/Config/Windows/Scalability.ini]
[2020.02.29-09.25.18:831][  0]LogConfig: Setting CVar [[r.HairStrands.SkyLighting.SampleCount:16]]
[2020.02.29-09.25.18:831][  0]LogConfig: Setting CVar [[r.HairStrands.SkyLighting.JitterIntegration:0]]
[2020.02.29-09.25.18:831][  0]LogConfig: Setting CVar [[r.HairStrands.SkyAO.SampleCount:16]]
[2020.02.29-09.25.18:831][  0]LogInit: Selected Device Profile: [Windows]
[2020.02.29-09.25.18:831][  0]LogInit: Applying CVar settings loaded from the selected device profile: [Windows]
[2020.02.29-09.25.18:834][  0]LogHAL: Display: Platform has ~ 16 GB [17071804416 / 17179869184 / 16], which maps to Larger [LargestMinGB=32, LargerMinGB=12, DefaultMinGB=8, SmallerMinGB=6, SmallestMinGB=0)
[2020.02.29-09.25.18:835][  0]LogInit: Going up to parent DeviceProfile []
[2020.02.29-09.25.18:835][  0]LogConfig: Applying CVar settings from Section [ViewDistanceQuality@3] File [D:/[Projects]/[UnrealProjects]/Kraken/UnrealLegionnaries/JamProject/Saved/Config/Windows/Scalability.ini]
[2020.02.29-09.25.18:835][  0]LogConfig: Setting CVar [[r.SkeletalMeshLODBias:0]]
[2020.02.29-09.25.18:835][  0]LogConfig: Setting CVar [[r.ViewDistanceScale:1.0]]
[2020.02.29-09.25.18:835][  0]LogConfig: Applying CVar settings from Section [AntiAliasingQuality@3] File [D:/[Projects]/[UnrealProjects]/Kraken/UnrealLegionnaries/JamProject/Saved/Config/Windows/Scalability.ini]
[2020.02.29-09.25.18:835][  0]LogConfig: Setting CVar [[r.PostProcessAAQuality:4]]
[2020.02.29-09.25.18:835][  0]LogConfig: Applying CVar settings from Section [ShadowQuality@3] File [D:/[Projects]/[UnrealProjects]/Kraken/UnrealLegionnaries/JamProject/Saved/Config/Windows/Scalability.ini]
[2020.02.29-09.25.18:835][  0]LogConfig: Setting CVar [[r.LightFunctionQuality:1]]
[2020.02.29-09.25.18:835][  0]LogConfig: Setting CVar [[r.ShadowQuality:5]]
[2020.02.29-09.25.18:835][  0]LogConfig: Setting CVar [[r.Shadow.CSM.MaxCascades:10]]
[2020.02.29-09.25.18:835][  0]LogConfig: Setting CVar [[r.Shadow.MaxResolution:2048]]
[2020.02.29-09.25.18:835][  0]LogConfig: Setting CVar [[r.Shadow.MaxCSMResolution:2048]]
[2020.02.29-09.25.18:835][  0]LogConfig: Setting CVar [[r.Shadow.RadiusThreshold:0.01]]
[2020.02.29-09.25.18:835][  0]LogConfig: Setting CVar [[r.Shadow.DistanceScale:1.0]]
[2020.02.29-09.25.18:835][  0]LogConfig: Setting CVar [[r.Shadow.CSM.TransitionScale:1.0]]
[2020.02.29-09.25.18:835][  0]LogConfig: Setting CVar [[r.Shadow.PreShadowResolutionFactor:1.0]]
[2020.02.29-09.25.18:835][  0]LogConfig: Setting CVar [[r.DistanceFieldShadowing:1]]
[2020.02.29-09.25.18:835][  0]LogConfig: Setting CVar [[r.DistanceFieldAO:1]]
[2020.02.29-09.25.18:835][  0]LogConfig: Setting CVar [[r.AOQuality:2]]
[2020.02.29-09.25.18:835][  0]LogConfig: Setting CVar [[r.VolumetricFog:1]]
[2020.02.29-09.25.18:835][  0]LogConfig: Setting CVar [[r.VolumetricFog.GridPixelSize:8]]
[2020.02.29-09.25.18:835][  0]LogConfig: Setting CVar [[r.VolumetricFog.GridSizeZ:128]]
[2020.02.29-09.25.18:835][  0]LogConfig: Setting CVar [[r.VolumetricFog.HistoryMissSupersampleCount:4]]
[2020.02.29-09.25.18:835][  0]LogConfig: Setting CVar [[r.LightMaxDrawDistanceScale:1]]
[2020.02.29-09.25.18:835][  0]LogConfig: Setting CVar [[r.CapsuleShadows:1]]
[2020.02.29-09.25.18:835][  0]LogConfig: Applying CVar settings from Section [PostProcessQuality@3] File [D:/[Projects]/[UnrealProjects]/Kraken/UnrealLegionnaries/JamProject/Saved/Config/Windows/Scalability.ini]
[2020.02.29-09.25.18:835][  0]LogConfig: Setting CVar [[r.MotionBlurQuality:4]]
[2020.02.29-09.25.18:835][  0]LogConfig: Setting CVar [[r.AmbientOcclusionMipLevelFactor:0.4]]
[2020.02.29-09.25.18:835][  0]LogConfig: Setting CVar [[r.AmbientOcclusionMaxQuality:100]]
[2020.02.29-09.25.18:835][  0]LogConfig: Setting CVar [[r.AmbientOcclusionLevels:-1]]
[2020.02.29-09.25.18:835][  0]LogConfig: Setting CVar [[r.AmbientOcclusionRadiusScale:1.0]]
[2020.02.29-09.25.18:835][  0]LogConfig: Setting CVar [[r.DepthOfFieldQuality:2]]
[2020.02.29-09.25.18:835][  0]LogConfig: Setting CVar [[r.RenderTargetPoolMin:400]]
[2020.02.29-09.25.18:835][  0]LogConfig: Setting CVar [[r.LensFlareQuality:2]]
[2020.02.29-09.25.18:835][  0]LogConfig: Setting CVar [[r.SceneColorFringeQuality:1]]
[2020.02.29-09.25.18:835][  0]LogConfig: Setting CVar [[r.EyeAdaptationQuality:2]]
[2020.02.29-09.25.18:835][  0]LogConfig: Setting CVar [[r.BloomQuality:5]]
[2020.02.29-09.25.18:835][  0]LogConfig: Setting CVar [[r.FastBlurThreshold:100]]
[2020.02.29-09.25.18:835][  0]LogConfig: Setting CVar [[r.Upscale.Quality:3]]
[2020.02.29-09.25.18:835][  0]LogConfig: Setting CVar [[r.Tonemapper.GrainQuantization:1]]
[2020.02.29-09.25.18:835][  0]LogConfig: Setting CVar [[r.LightShaftQuality:1]]
[2020.02.29-09.25.18:835][  0]LogConfig: Setting CVar [[r.Filter.SizeScale:1]]
[2020.02.29-09.25.18:836][  0]LogConfig: Setting CVar [[r.Tonemapper.Quality:5]]
[2020.02.29-09.25.18:836][  0]LogConfig: Setting CVar [[r.DOF.Gather.AccumulatorQuality:1        ; higher gathering accumulator quality]]
[2020.02.29-09.25.18:836][  0]LogConfig: Setting CVar [[r.DOF.Gather.PostfilterMethod:1          ; Median3x3 postfilering method]]
[2020.02.29-09.25.18:836][  0]LogConfig: Setting CVar [[r.DOF.Gather.EnableBokehSettings:0       ; no bokeh simulation when gathering]]
[2020.02.29-09.25.18:836][  0]LogConfig: Setting CVar [[r.DOF.Gather.RingCount:4                 ; medium number of samples when gathering]]
[2020.02.29-09.25.18:836][  0]LogConfig: Setting CVar [[r.DOF.Scatter.ForegroundCompositing:1    ; additive foreground scattering]]
[2020.02.29-09.25.18:836][  0]LogConfig: Setting CVar [[r.DOF.Scatter.BackgroundCompositing:2    ; additive background scattering]]
[2020.02.29-09.25.18:836][  0]LogConfig: Setting CVar [[r.DOF.Scatter.EnableBokehSettings:1      ; bokeh simulation when scattering]]
[2020.02.29-09.25.18:836][  0]LogConfig: Setting CVar [[r.DOF.Scatter.MaxSpriteRatio:0.1         ; only a maximum of 10% of scattered bokeh]]
[2020.02.29-09.25.18:836][  0]LogConfig: Setting CVar [[r.DOF.Recombine.Quality:1                ; cheap slight out of focus]]
[2020.02.29-09.25.18:836][  0]LogConfig: Setting CVar [[r.DOF.Recombine.EnableBokehSettings:0    ; no bokeh simulation on slight out of focus]]
[2020.02.29-09.25.18:836][  0]LogConfig: Setting CVar [[r.DOF.TemporalAAQuality:1                ; more stable temporal accumulation]]
[2020.02.29-09.25.18:836][  0]LogConfig: Setting CVar [[r.DOF.Kernel.MaxForegroundRadius:0.025]]
[2020.02.29-09.25.18:836][  0]LogConfig: Setting CVar [[r.DOF.Kernel.MaxBackgroundRadius:0.025]]
[2020.02.29-09.25.18:836][  0]LogConfig: Applying CVar settings from Section [TextureQuality@3] File [D:/[Projects]/[UnrealProjects]/Kraken/UnrealLegionnaries/JamProject/Saved/Config/Windows/Scalability.ini]
[2020.02.29-09.25.18:836][  0]LogConfig: Setting CVar [[r.Streaming.MipBias:0]]
[2020.02.29-09.25.18:836][  0]LogConfig: Setting CVar [[r.Streaming.AmortizeCPUToGPUCopy:0]]
[2020.02.29-09.25.18:836][  0]LogConfig: Setting CVar [[r.Streaming.MaxNumTexturesToStreamPerFrame:0]]
[2020.02.29-09.25.18:836][  0]LogConfig: Setting CVar [[r.Streaming.Boost:1]]
[2020.02.29-09.25.18:836][  0]LogConfig: Setting CVar [[r.MaxAnisotropy:8]]
[2020.02.29-09.25.18:836][  0]LogConfig: Setting CVar [[r.VT.MaxAnisotropy:8]]
[2020.02.29-09.25.18:836][  0]LogConfig: Setting CVar [[r.Streaming.LimitPoolSizeToVRAM:0]]
[2020.02.29-09.25.18:836][  0]LogConfig: Setting CVar [[r.Streaming.PoolSize:1000]]
[2020.02.29-09.25.18:836][  0]LogConfig: Setting CVar [[r.Streaming.MaxEffectiveScreenSize:0]]
[2020.02.29-09.25.18:836][  0]LogConfig: Applying CVar settings from Section [EffectsQuality@3] File [D:/[Projects]/[UnrealProjects]/Kraken/UnrealLegionnaries/JamProject/Saved/Config/Windows/Scalability.ini]
[2020.02.29-09.25.18:836][  0]LogConfig: Setting CVar [[r.TranslucencyLightingVolumeDim:64]]
[2020.02.29-09.25.18:836][  0]LogConfig: Setting CVar [[r.RefractionQuality:2]]
[2020.02.29-09.25.18:836][  0]LogConfig: Setting CVar [[r.SSR.Quality:3]]
[2020.02.29-09.25.18:836][  0]LogConfig: Setting CVar [[r.SSR.HalfResSceneColor:0]]
[2020.02.29-09.25.18:836][  0]LogConfig: Setting CVar [[r.SceneColorFormat:4]]
[2020.02.29-09.25.18:836][  0]LogConfig: Setting CVar [[r.DetailMode:2]]
[2020.02.29-09.25.18:836][  0]LogConfig: Setting CVar [[r.TranslucencyVolumeBlur:1]]
[2020.02.29-09.25.18:836][  0]LogConfig: Setting CVar [[r.MaterialQualityLevel:1 ; High quality]]
[2020.02.29-09.25.18:836][  0]LogConfig: Setting CVar [[r.SSS.Scale:1]]
[2020.02.29-09.25.18:836][  0]LogConfig: Setting CVar [[r.SSS.SampleSet:2]]
[2020.02.29-09.25.18:836][  0]LogConfig: Setting CVar [[r.SSS.Quality:1]]
[2020.02.29-09.25.18:836][  0]LogConfig: Setting CVar [[r.SSS.HalfRes:1]]
[2020.02.29-09.25.18:836][  0]LogConfig: Setting CVar [[r.SSGI.Quality:3]]
[2020.02.29-09.25.18:836][  0]LogConfig: Setting CVar [[r.EmitterSpawnRateScale:1.0]]
[2020.02.29-09.25.18:836][  0]LogConfig: Setting CVar [[r.ParticleLightQuality:2]]
[2020.02.29-09.25.18:836][  0]LogConfig: Setting CVar [[r.SkyAtmosphere.AerialPerspectiveLUT.FastApplyOnOpaque:1 ; Always have FastSkyLUT 1 in this case to avoid wrong sky]]
[2020.02.29-09.25.18:836][  0]LogConfig: Setting CVar [[r.SkyAtmosphere.AerialPerspectiveLUT.SampleCountPerSlice:1]]
[2020.02.29-09.25.18:836][  0]LogConfig: Setting CVar [[r.SkyAtmosphere.AerialPerspectiveLUT.DepthResolution:16.0]]
[2020.02.29-09.25.18:836][  0]LogConfig: Setting CVar [[r.SkyAtmosphere.FastSkyLUT:1]]
[2020.02.29-09.25.18:836][  0]LogConfig: Setting CVar [[r.SkyAtmosphere.FastSkyLUT.SampleCountMin:4.0]]
[2020.02.29-09.25.18:836][  0]LogConfig: Setting CVar [[r.SkyAtmosphere.FastSkyLUT.SampleCountMax:32.0]]
[2020.02.29-09.25.18:836][  0]LogConfig: Setting CVar [[r.SkyAtmosphere.SampleCountMin:4.0]]
[2020.02.29-09.25.18:836][  0]LogConfig: Setting CVar [[r.SkyAtmosphere.SampleCountMax:32.0]]
[2020.02.29-09.25.18:836][  0]LogConfig: Setting CVar [[r.SkyAtmosphere.TransmittanceLUT.UseSmallFormat:0]]
[2020.02.29-09.25.18:836][  0]LogConfig: Setting CVar [[r.SkyAtmosphere.TransmittanceLUT.SampleCount:10.0]]
[2020.02.29-09.25.18:836][  0]LogConfig: Setting CVar [[r.SkyAtmosphere.MultiScatteringLUT.SampleCount:15.0]]
[2020.02.29-09.25.18:836][  0]LogConfig: Applying CVar settings from Section [FoliageQuality@3] File [D:/[Projects]/[UnrealProjects]/Kraken/UnrealLegionnaries/JamProject/Saved/Config/Windows/Scalability.ini]
[2020.02.29-09.25.18:837][  0]LogConfig: Setting CVar [[foliage.DensityScale:1.0]]
[2020.02.29-09.25.18:837][  0]LogConfig: Setting CVar [[grass.DensityScale:1.0]]
[2020.02.29-09.25.18:837][  0]LogConfig: Applying CVar settings from Section [ShadingQuality@3] File [D:/[Projects]/[UnrealProjects]/Kraken/UnrealLegionnaries/JamProject/Saved/Config/Windows/Scalability.ini]
[2020.02.29-09.25.18:837][  0]LogConfig: Setting CVar [[r.HairStrands.SkyLighting.SampleCount:16]]
[2020.02.29-09.25.18:837][  0]LogConfig: Setting CVar [[r.HairStrands.SkyLighting.JitterIntegration:0]]
[2020.02.29-09.25.18:837][  0]LogConfig: Setting CVar [[r.HairStrands.SkyAO.SampleCount:16]]
[2020.02.29-09.25.18:837][  0]LogConfig: Applying CVar settings from Section [Startup] File [../../../Engine/Config/ConsoleVariables.ini]
[2020.02.29-09.25.18:837][  0]LogConfig: Setting CVar [[net.UseAdaptiveNetUpdateFrequency:0]]
[2020.02.29-09.25.18:837][  0]LogConfig: Setting CVar [[p.chaos.AllowCreatePhysxBodies:1]]
[2020.02.29-09.25.18:837][  0]LogConfig: Applying CVar settings from Section [ConsoleVariables] File [D:/[Projects]/[UnrealProjects]/Kraken/UnrealLegionnaries/JamProject/Saved/Config/Windows/Engine.ini]
[2020.02.29-09.25.18:837][  0]LogInit: Computer: DESKTOP-5DKVJHC
[2020.02.29-09.25.18:837][  0]LogInit: User: volka
[2020.02.29-09.25.18:837][  0]LogInit: CPU Page size=4096, Cores=4
[2020.02.29-09.25.18:837][  0]LogInit: High frequency timer resolution =10.000000 MHz
[2020.02.29-09.25.18:837][  0]LogMemory: Memory total: Physical=15.9GB (16GB approx)
[2020.02.29-09.25.18:837][  0]LogMemory: Platform Memory Stats for Windows
[2020.02.29-09.25.18:837][  0]LogMemory: Process Physical Memory: 107.92 MB used, 107.92 MB peak
[2020.02.29-09.25.18:838][  0]LogMemory: Process Virtual Memory: 100.53 MB used, 100.53 MB peak
[2020.02.29-09.25.18:838][  0]LogMemory: Physical Memory: 7549.75 MB used,  8731.19 MB free, 16280.94 MB total
[2020.02.29-09.25.18:838][  0]LogMemory: Virtual Memory: 5138.08 MB used,  134212592.00 MB free, 134217728.00 MB total
[2020.02.29-09.25.18:841][  0]LogWindows: WindowsPlatformFeatures enabled
[2020.02.29-09.25.18:993][  0]LogInit: Using OS detected language (en-US).
[2020.02.29-09.25.18:993][  0]LogInit: Using OS detected locale (en-GB).
[2020.02.29-09.25.18:993][  0]LogTextLocalizationManager: No specific localization for 'en-US' exists, so the 'en' localization will be used.
[2020.02.29-09.25.19:216][  0]LogInit: Setting process to per monitor DPI aware
[2020.02.29-09.25.19:264][  0]LogSlate: New Slate User Created.  User Index 0, Is Virtual User: 0
[2020.02.29-09.25.19:264][  0]LogSlate: Slate User Registered.  User Index 0, Is Virtual User: 0
[2020.02.29-09.25.19:618][  0]LogHMD: Failed to initialize OpenVR with code 110
[2020.02.29-09.25.19:618][  0]LogD3D11RHI: D3D11 min allowed feature level: 11_0
[2020.02.29-09.25.19:618][  0]LogD3D11RHI: D3D11 max allowed feature level: 11_0
[2020.02.29-09.25.19:618][  0]LogD3D11RHI: D3D11 adapters:
[2020.02.29-09.25.19:706][  0]LogD3D11RHI:    0. 'NVIDIA GeForce GTX 660M' (Feature Level 11_0)
[2020.02.29-09.25.19:706][  0]LogD3D11RHI:       2007/0/8140 MB DedicatedVideo/DedicatedSystem/SharedSystem, Outputs:1, VendorId:0x10de
[2020.02.29-09.25.19:713][  0]LogD3D11RHI:    1. 'Intel(R) HD Graphics 4000' (Feature Level 11_0)
[2020.02.29-09.25.19:713][  0]LogD3D11RHI:       32/0/1760 MB DedicatedVideo/DedicatedSystem/SharedSystem, Outputs:0, VendorId:0x8086
[2020.02.29-09.25.19:720][  0]LogD3D11RHI:    2. 'Microsoft Basic Render Driver' (Feature Level 11_0)
[2020.02.29-09.25.19:720][  0]LogD3D11RHI:       0/0/8140 MB DedicatedVideo/DedicatedSystem/SharedSystem, Outputs:0, VendorId:0x1414
[2020.02.29-09.25.19:720][  0]LogD3D11RHI: Chosen D3D11 Adapter: 0
[2020.02.29-09.25.19:753][  0]LogD3D11RHI: Creating new Direct3DDevice
[2020.02.29-09.25.19:754][  0]LogD3D11RHI:     GPU DeviceId: 0xfd4 (for the marketing name, search the web for "GPU Device Id")
[2020.02.29-09.25.19:754][  0]LogWindows: EnumDisplayDevices:
[2020.02.29-09.25.19:754][  0]LogWindows:    0. 'Intel(R) HD Graphics 4000' (P:1 D:1)
[2020.02.29-09.25.19:754][  0]LogWindows:    1. 'Intel(R) HD Graphics 4000' (P:0 D:0)
[2020.02.29-09.25.19:755][  0]LogWindows:    2. 'Intel(R) HD Graphics 4000' (P:0 D:0)
[2020.02.29-09.25.19:755][  0]LogWindows: DebugString: PrimaryIsNotTheChoosenAdapter PrimaryIsNotTheChoosenAdapter PrimaryIsNotTheChoosenAdapter FoundDriverCount:0 
[2020.02.29-09.25.19:755][  0]LogD3D11RHI:     Adapter Name: NVIDIA GeForce GTX 660M
[2020.02.29-09.25.19:755][  0]LogD3D11RHI:   Driver Version: Unknown (internal:Unknown, unified:Unknown)
[2020.02.29-09.25.19:755][  0]LogD3D11RHI:      Driver Date: Unknown
[2020.02.29-09.25.19:755][  0]LogRHI: Texture pool is 1405 MB (70% of 2007 MB)
[2020.02.29-09.25.19:871][  0]LogD3D11RHI: RHI does not have support for 64 bit atomics
[2020.02.29-09.25.19:871][  0]LogD3D11RHI: Async texture creation enabled
[2020.02.29-09.25.19:886][  0]LogD3D11RHI: GPU Timing Frequency: 1000.000000 (Debug: 2 1)
[2020.02.29-09.25.20:389][  0]LogTargetPlatformManager: Display: Loaded TargetPlatform 'AllDesktop'
[2020.02.29-09.25.20:435][  0]LogTargetPlatformManager: Display: Loaded TargetPlatform 'Android'
[2020.02.29-09.25.20:436][  0]LogTargetPlatformManager: Display: Loaded TargetPlatform 'Android_ASTC'
[2020.02.29-09.25.20:436][  0]LogTargetPlatformManager: Display: Loaded TargetPlatform 'Android_ATC'
[2020.02.29-09.25.20:436][  0]LogTargetPlatformManager: Display: Loaded TargetPlatform 'Android_DXT'
[2020.02.29-09.25.20:436][  0]LogTargetPlatformManager: Display: Loaded TargetPlatform 'Android_ETC1'
[2020.02.29-09.25.20:436][  0]LogTargetPlatformManager: Display: Loaded TargetPlatform 'Android_ETC1a'
[2020.02.29-09.25.20:436][  0]LogTargetPlatformManager: Display: Loaded TargetPlatform 'Android_ETC2'
[2020.02.29-09.25.20:436][  0]LogTargetPlatformManager: Display: Loaded TargetPlatform 'Android_PVRTC'
[2020.02.29-09.25.20:436][  0]LogTargetPlatformManager: Display: Loaded TargetPlatform 'AndroidClient'
[2020.02.29-09.25.20:436][  0]LogTargetPlatformManager: Display: Loaded TargetPlatform 'Android_ASTCClient'
[2020.02.29-09.25.20:436][  0]LogTargetPlatformManager: Display: Loaded TargetPlatform 'Android_ATCClient'
[2020.02.29-09.25.20:436][  0]LogTargetPlatformManager: Display: Loaded TargetPlatform 'Android_DXTClient'
[2020.02.29-09.25.20:436][  0]LogTargetPlatformManager: Display: Loaded TargetPlatform 'Android_ETC1Client'
[2020.02.29-09.25.20:436][  0]LogTargetPlatformManager: Display: Loaded TargetPlatform 'Android_ETC1aClient'
[2020.02.29-09.25.20:436][  0]LogTargetPlatformManager: Display: Loaded TargetPlatform 'Android_ETC2Client'
[2020.02.29-09.25.20:436][  0]LogTargetPlatformManager: Display: Loaded TargetPlatform 'Android_PVRTCClient'
[2020.02.29-09.25.20:436][  0]LogTargetPlatformManager: Display: Loaded TargetPlatform 'Android_Multi'
[2020.02.29-09.25.20:436][  0]LogTargetPlatformManager: Display: Loaded TargetPlatform 'Android_MultiClient'
[2020.02.29-09.25.20:460][  0]LogTargetPlatformManager: Display: Loaded TargetPlatform 'IOSClient'
[2020.02.29-09.25.20:460][  0]LogTargetPlatformManager: Display: Loaded TargetPlatform 'IOS'
[2020.02.29-09.25.20:469][  0]LogTargetPlatformManager: Display: Loaded TargetPlatform 'LinuxNoEditor'
[2020.02.29-09.25.20:478][  0]LogTargetPlatformManager: Display: Loaded TargetPlatform 'LinuxClient'
[2020.02.29-09.25.20:488][  0]LogTargetPlatformManager: Display: Loaded TargetPlatform 'LinuxServer'
[2020.02.29-09.25.20:498][  0]LogTargetPlatformManager: Display: Loaded TargetPlatform 'LinuxAArch64NoEditor'
[2020.02.29-09.25.20:512][  0]LogTargetPlatformManager: Display: Loaded TargetPlatform 'LinuxAArch64Client'
[2020.02.29-09.25.20:524][  0]LogTargetPlatformManager: Display: Loaded TargetPlatform 'LinuxAArch64Server'
[2020.02.29-09.25.20:563][  0]LogTargetPlatformManager: Display: Loaded TargetPlatform 'Lumin'
[2020.02.29-09.25.20:563][  0]LogTargetPlatformManager: Display: Loaded TargetPlatform 'LuminClient'
[2020.02.29-09.25.20:581][  0]LogTargetPlatformManager: Display: Loaded TargetPlatform 'TVOSClient'
[2020.02.29-09.25.20:581][  0]LogTargetPlatformManager: Display: Loaded TargetPlatform 'TVOS'
[2020.02.29-09.25.20:591][  0]LogTargetPlatformManager: Display: Loaded TargetPlatform 'WindowsNoEditor'
[2020.02.29-09.25.20:602][  0]LogTargetPlatformManager: Display: Loaded TargetPlatform 'Windows'
[2020.02.29-09.25.20:611][  0]LogTargetPlatformManager: Display: Loaded TargetPlatform 'WindowsClient'
[2020.02.29-09.25.20:621][  0]LogTargetPlatformManager: Display: Loaded TargetPlatform 'WindowsServer'
[2020.02.29-09.25.20:621][  0]LogTargetPlatformManager: Display: Building Assets For Windows
[2020.02.29-09.25.20:626][  0]LogAudioDebug: Display: Lib vorbis DLL was dynamically loaded.
[2020.02.29-09.25.20:718][  0]LogShaderCompilers: Guid format shader working directory is -37 characters bigger than the processId version (../../../../../../[Projects]/[UnrealProjects]/Kraken/UnrealLegionnaries/JamProject/Intermediate/Shaders/WorkingDirectory/18700/).
[2020.02.29-09.25.20:718][  0]LogShaderCompilers: Cleaned the shader compiler working directory 'C:/Users/volka/AppData/Local/Temp/UnrealShaderWorkingDir/AE2B84D94DE4A82D2A113FAE52F9DC80/'.
[2020.02.29-09.25.20:720][  0]LogXGEController: Cleaning working directory: C:/Users/volka/AppData/Local/Temp/UnrealXGEWorkingDir/
[2020.02.29-09.25.20:720][  0]LogXGEController: Cannot use XGE Controller as Incredibuild is not installed on this machine.
[2020.02.29-09.25.20:720][  0]LogShaderCompilers: Cannot use XGE Shader Compiler as Incredibuild is not installed on this machine.
[2020.02.29-09.25.20:720][  0]LogShaderCompilers: Display: Using Local Shader Compiler.
[2020.02.29-09.25.21:670][  0]LogDerivedDataCache: Display: Max Cache Size: 512 MB
[2020.02.29-09.25.21:732][  0]LogDerivedDataCache: Loaded boot cache 0.06s 78MB C:/Users/volka/AppData/Local/UnrealEngine/4.24/DerivedDataCache/Boot.ddc.
[2020.02.29-09.25.21:732][  0]LogDerivedDataCache: Display: Loaded Boot cache: C:/Users/volka/AppData/Local/UnrealEngine/4.24/DerivedDataCache/Boot.ddc
[2020.02.29-09.25.21:732][  0]LogDerivedDataCache: FDerivedDataBackendGraph:  Pak pak cache file ../../../../../../[Projects]/[UnrealProjects]/Kraken/UnrealLegionnaries/JamProject/DerivedDataCache/DDC.ddp not found, will not use a pak cache.
[2020.02.29-09.25.21:732][  0]LogDerivedDataCache: Unable to find inner node Pak for hierarchical cache Hierarchy.
[2020.02.29-09.25.21:732][  0]LogDerivedDataCache: FDerivedDataBackendGraph:  CompressedPak pak cache file ../../../../../../[Projects]/[UnrealProjects]/Kraken/UnrealLegionnaries/JamProject/DerivedDataCache/Compressed.ddp not found, will not use a pak cache.
[2020.02.29-09.25.21:732][  0]LogDerivedDataCache: Unable to find inner node CompressedPak for hierarchical cache Hierarchy.
[2020.02.29-09.25.21:744][  0]LogDerivedDataCache: Display: Pak cache opened for reading ../../../Engine/DerivedDataCache/Compressed.ddp.
[2020.02.29-09.25.21:744][  0]LogDerivedDataCache: FDerivedDataBackendGraph:  EnterprisePak pak cache file ../../../Enterprise/DerivedDataCache/Compressed.ddp not found, will not use a pak cache.
[2020.02.29-09.25.21:744][  0]LogDerivedDataCache: Unable to find inner node EnterprisePak for hierarchical cache Hierarchy.
[2020.02.29-09.25.21:746][  0]LogDerivedDataCache: Using Local data cache path C:/Users/volka/AppData/Local/UnrealEngine/Common/DerivedDataCache: Writable
[2020.02.29-09.25.21:746][  0]LogDerivedDataCache: Shared data cache path not found in *engine.ini, will not use an Shared cache.
[2020.02.29-09.25.21:746][  0]LogDerivedDataCache: Unable to find inner node Shared for hierarchical cache Hierarchy.
[2020.02.29-09.25.21:780][  0]LogMaterial: Verifying Global Shaders for PCD3D_SM5
[2020.02.29-09.25.21:783][  0]LogSlate: Using FreeType 2.10.0
[2020.02.29-09.25.21:784][  0]LogSlate: SlateFontServices - WITH_FREETYPE: 1, WITH_HARFBUZZ: 1
[2020.02.29-09.25.21:872][  0]LogAssetRegistry: FAssetRegistry took 0.0031 seconds to start up
[2020.02.29-09.25.22:330][  0]LogInit: Selected Device Profile: [Windows]
[2020.02.29-09.25.22:635][  0]LogMeshReduction: Using QuadricMeshReduction for automatic static mesh reduction
[2020.02.29-09.25.22:635][  0]LogMeshReduction: Using SimplygonMeshReduction for automatic skeletal mesh reduction
[2020.02.29-09.25.22:635][  0]LogMeshReduction: Using ProxyLODMeshReduction for automatic mesh merging
[2020.02.29-09.25.22:635][  0]LogMeshReduction: No distributed automatic mesh merging module available
[2020.02.29-09.25.22:635][  0]LogMeshMerging: No distributed automatic mesh merging module available
[2020.02.29-09.25.22:660][  0]LogNetVersion: JamProject 1.0.0, NetCL: 10570792, EngineNetVer: 13, GameNetVer: 0 (Checksum: 3042265545)
[2020.02.29-09.25.24:580][  0]LogPackageLocalizationCache: Processed 10 localized package path(s) for 1 prioritized culture(s) in 0.069704 seconds
[2020.02.29-09.25.24:589][  0]LogUObjectArray: 46750 objects as part of root set at end of initial load.
[2020.02.29-09.25.24:589][  0]LogUObjectAllocator: 8137160 out of 0 bytes used by permanent object pool.
[2020.02.29-09.25.24:589][  0]LogUObjectArray: CloseDisregardForGC: 0/0 objects in disregard for GC pool
[2020.02.29-09.25.25:454][  0]LogTcpMessaging: Initializing TcpMessaging bridge
[2020.02.29-09.25.25:459][  0]LogUdpMessaging: Initializing bridge on interface 0.0.0.0:0 to multicast group 230.0.0.1:6666.
[2020.02.29-09.25.25:586][  0]SourceControl: Source control is disabled
[2020.02.29-09.25.25:586][  0]SourceControl: Source control is disabled
[2020.02.29-09.25.25:626][  0]SourceControl: Source control is disabled
[2020.02.29-09.25.25:628][  0]SourceControl: Source control is disabled
[2020.02.29-09.25.25:635][  0]SourceControl: Source control is disabled
[2020.02.29-09.25.25:906][  0]LogAndroidPermission: UAndroidPermissionCallbackProxy::GetInstance
[2020.02.29-09.25.25:931][  0]LogAudioCaptureCore: Display: No Audio Capture implementations found. Audio input will be silent.
[2020.02.29-09.25.25:931][  0]LogAudioCaptureCore: Display: No Audio Capture implementations found. Audio input will be silent.
[2020.02.29-09.25.26:103][  0]LogOcInput: OculusInput pre-init called
[2020.02.29-09.25.26:114][  0]LogWindows: Failed to load 'OVRPlugin.dll' (GetLastError=126)
[2020.02.29-09.25.26:115][  0]LogWindows: File 'OVRPlugin.dll' does not exist
[2020.02.29-09.25.26:274][  0]LogEngine: Initializing Engine...
[2020.02.29-09.25.26:276][  0]LogHMD: Failed to initialize OpenVR with code 110
[2020.02.29-09.25.26:277][  0]LogStats: UGameplayTagsManager::InitializeManager -  0.000 s
[2020.02.29-09.25.26:933][  0]LogInit: Initializing FReadOnlyCVARCache
[2020.02.29-09.25.27:064][  0]LogAIModule: Creating AISystem for world Untitled
[2020.02.29-09.25.27:068][  0]LogAudioMixer: Display: Audio Mixer Platform Settings:
[2020.02.29-09.25.27:068][  0]LogAudioMixer: Display: 	Sample Rate:						  48000
[2020.02.29-09.25.27:068][  0]LogAudioMixer: Display: 	Callback Buffer Frame Size Requested: 1024
[2020.02.29-09.25.27:068][  0]LogAudioMixer: Display: 	Callback Buffer Frame Size To Use:	  1024
[2020.02.29-09.25.27:068][  0]LogAudioMixer: Display: 	Number of buffers to queue:			  2
[2020.02.29-09.25.27:068][  0]LogAudioMixer: Display: 	Max Channels (voices):				  32
[2020.02.29-09.25.27:068][  0]LogAudioMixer: Display: 	Number of Async Source Workers:		  0
[2020.02.29-09.25.27:068][  0]LogAudio: Display: AudioDevice MaxSources: 32
[2020.02.29-09.25.27:069][  0]LogAudio: Display: Using built-in audio occlusion.
[2020.02.29-09.25.27:069][  0]LogAudioMixer: Display: Initializing audio mixer.
[2020.02.29-09.25.27:094][  0]LogAudioMixer: Display: Audio Device Output Speaker Info:
[2020.02.29-09.25.27:094][  0]LogAudioMixer: Display: Name: Speakers (2- Realtek High Definition Audio)
[2020.02.29-09.25.27:094][  0]LogAudioMixer: Display: Is Default: Yes
[2020.02.29-09.25.27:094][  0]LogAudioMixer: Display: Sample Rate: 48000
[2020.02.29-09.25.27:094][  0]LogAudioMixer: Display: Channel Count Used: 2
[2020.02.29-09.25.27:094][  0]LogAudioMixer: Display: Device Channel Count: 2
[2020.02.29-09.25.27:094][  0]LogAudioMixer: Display: Channel Order:
[2020.02.29-09.25.27:094][  0]LogAudioMixer: Display: 0: FrontLeft
[2020.02.29-09.25.27:094][  0]LogAudioMixer: Display: 1: FrontRight
[2020.02.29-09.25.27:171][  0]LogAudioMixer: Display: Using Audio Device Speakers (2- Realtek High Definition Audio)
[2020.02.29-09.25.27:177][  0]LogInit: FAudioDevice initialized.
[2020.02.29-09.25.27:177][  0]LogNetVersion: Set ProjectVersion to 1.0.0.0. Version Checksum will be recalculated on next use.
[2020.02.29-09.25.27:290][  0]LogDerivedDataCache: Saved boot cache 0.11s 78MB C:/Users/volka/AppData/Local/UnrealEngine/4.24/DerivedDataCache/Boot.ddc.
[2020.02.29-09.25.27:296][  0]LogInit: Texture streaming: Enabled
[2020.02.29-09.25.27:344][  0]LogEngineSessionManager: EngineSessionManager initialized
[2020.02.29-09.25.27:345][  0]LogEditorSessionSummary: Verbose: Initializing EditorSessionSummaryWriter for editor session tracking
[2020.02.29-09.25.27:347][  0]LogEditorSessionSummary: EditorSessionSummaryWriter initialized
[2020.02.29-09.25.27:431][  0]LogInit: Transaction tracking system initialized
[2020.02.29-09.25.27:476][  0]BlueprintLog: New page: Editor Load
[2020.02.29-09.25.27:647][  0]LocalizationService: Localization service is disabled
[2020.02.29-09.25.28:261][  0]LogFileCache: Scanning file cache for directory 'D:/[Projects]/[UnrealProjects]/Kraken/UnrealLegionnaries/JamProject/Content/' took 0.01s
[2020.02.29-09.25.28:262][  0]LogCook: Display: Max memory allowance for cook 16384mb min free memory 0mb
[2020.02.29-09.25.28:262][  0]LogCook: Display: Mobile HDR setting 1
[2020.02.29-09.25.29:741][  0]SourceControl: Source control is disabled
[2020.02.29-09.25.29:741][  0]Cmd: MAP LOAD FILE="../../../../../../[Projects]/[UnrealProjects]/Kraken/UnrealLegionnaries/JamProject/Content/StarterContent/Maps/Minimal_Default.umap" TEMPLATE=0 SHOWPROGRESS=1 FEATURELEVEL=3
[2020.02.29-09.25.29:742][  0]LightingResults: New page: Lighting Build
[2020.02.29-09.25.29:748][  0]LogWorld: UWorld::CleanupWorld for Untitled, bSessionEnded=true, bCleanupResources=true
[2020.02.29-09.25.29:748][  0]LogSlate: InvalidateAllWidgets triggered.  All widgets were invalidated
[2020.02.29-09.25.29:748][  0]MapCheck: New page: Map Check
[2020.02.29-09.25.29:748][  0]LightingResults: New page: Lighting Build
[2020.02.29-09.25.29:776][  0]LogUObjectHash: Compacting FUObjectHashTables data took   2.34ms
[2020.02.29-09.25.29:937][  0]LogStaticMesh: Building static mesh Floor_400x400...
[2020.02.29-09.25.29:973][  0]LogStaticMesh: Built static mesh [0.04s] /Game/StarterContent/Architecture/Floor_400x400.Floor_400x400
[2020.02.29-09.25.30:070][  0]LogAIModule: Creating AISystem for world Minimal_Default
[2020.02.29-09.25.30:080][  0]LogEditorServer: Finished looking for orphan Actors (0.000 secs)
[2020.02.29-09.25.30:115][  0]LogUObjectHash: Compacting FUObjectHashTables data took   3.45ms
[2020.02.29-09.25.30:115][  0]Cmd: MAP CHECKDEP NOCLEARLOG
[2020.02.29-09.25.30:116][  0]MapCheck: Map check complete: 0 Error(s), 0 Warning(s), took 0.147ms to complete.
[2020.02.29-09.25.30:116][  0]LogFileHelpers: Loading map 'Minimal_Default' took 0.374
[2020.02.29-09.25.30:290][  0]LogSlate: Updating window title bar state: overlay mode, drag disabled, window buttons hidden, title bar hidden
[2020.02.29-09.25.30:306][  0]LogSlate: Updating window title bar state: overlay mode, drag disabled, window buttons hidden, title bar hidden
[2020.02.29-09.25.30:321][  0]LogSlate: Updating window title bar state: overlay mode, drag disabled, window buttons hidden, title bar hidden
[2020.02.29-09.25.30:338][  0]LogSlate: Updating window title bar state: overlay mode, drag disabled, window buttons hidden, title bar hidden
[2020.02.29-09.25.30:395][  0]LogCollectionManager: Loaded 0 collections in 0.002274 seconds
[2020.02.29-09.25.30:427][  0]LogFileCache: Scanning file cache for directory 'D:/[Projects]/[UnrealProjects]/Kraken/UnrealLegionnaries/JamProject/Saved/Collections/' took 0.00s
[2020.02.29-09.25.30:427][  0]LogFileCache: Scanning file cache for directory 'D:/[Projects]/[UnrealProjects]/Kraken/UnrealLegionnaries/JamProject/Content/Developers/volka/Collections/' took 0.00s
[2020.02.29-09.25.30:427][  0]LogFileCache: Scanning file cache for directory 'D:/[Projects]/[UnrealProjects]/Kraken/UnrealLegionnaries/JamProject/Content/Collections/' took 0.00s
[2020.02.29-09.25.30:427][  0]LogContentBrowser: Native class hierarchy populated in 0.0191 seconds. Added 3015 classes and 717 folders.
[2020.02.29-09.25.30:454][  0]LogContentBrowser: Native class hierarchy updated for 'WidgetCarousel' in 0.0004 seconds. Added 0 classes and 0 folders.
[2020.02.29-09.25.30:595][  0]LogContentBrowser: Native class hierarchy updated for 'AddContentDialog' in 0.0004 seconds. Added 0 classes and 0 folders.
[2020.02.29-09.25.30:629][  0]LogContentBrowser: Native class hierarchy updated for 'SceneOutliner' in 0.0006 seconds. Added 2 classes and 3 folders.
[2020.02.29-09.25.30:685][  0]LogSlate: Took 0.000444 seconds to synchronously load lazily loaded font '../../../Engine/Content/Slate/Fonts/Roboto-Regular.ttf' (155K)
[2020.02.29-09.25.30:689][  0]LogSlate: Took 0.000540 seconds to synchronously load lazily loaded font '../../../Engine/Content/Slate/Fonts/Roboto-Bold.ttf' (160K)
[2020.02.29-09.25.30:698][  0]LogSlate: Took 0.000363 seconds to synchronously load lazily loaded font '../../../Engine/Content/Editor/Slate/Fonts/FontAwesome.ttf' (139K)
[2020.02.29-09.25.30:850][  0]LogRenderer: Reallocating scene render targets to support 1208x572 Format 10 NumSamples 1 (Frame:1).
[2020.02.29-09.25.31:058][  0]LogContentBrowser: Native class hierarchy updated for 'HierarchicalLODOutliner' in 0.0006 seconds. Added 0 classes and 0 folders.
[2020.02.29-09.25.31:058][  0]LogLoad: (Engine Initialization) Total time: 15.69 seconds
[2020.02.29-09.25.31:058][  0]LogLoad: (Engine Initialization) Total Blueprint compile time: 0.00 seconds
[2020.02.29-09.25.31:123][  0]LogContentStreaming: Texture pool size now 1000 MB
[2020.02.29-09.25.31:168][  0]LogSlate: Took 0.000438 seconds to synchronously load lazily loaded font '../../../Engine/Content/Slate/Fonts/Roboto-Light.ttf' (167K)
[2020.02.29-09.25.31:209][  1]LogAssetRegistry: Asset discovery search completed in 9.3388 seconds
[2020.02.29-09.25.31:216][  1]LogCollectionManager: Fixed up redirectors for 0 collections in 0.000014 seconds (updated 0 objects)
[2020.02.29-09.26.11:772][186]LogSlate: Took 0.000393 seconds to synchronously load lazily loaded font '../../../Engine/Content/Slate/Fonts/Roboto-Italic.ttf' (157K)
[2020.02.29-09.26.41:517][949]LogSlate: Took 0.000439 seconds to synchronously load lazily loaded font '../../../Engine/Content/Slate/Fonts/Roboto-Light.ttf' (167K)
[2020.02.29-09.26.41:554][949]LogAIModule: Creating AISystem for world ArmyControlLevel
[2020.02.29-09.26.41:558][949]LogAssetEditorSubsystem: Opening Asset editor for World /Game/HTOV/ArmyControlLevel.ArmyControlLevel
[2020.02.29-09.26.41:588][949]LogUObjectHash: Compacting FUObjectHashTables data took   1.70ms
[2020.02.29-09.26.41:590][949]Cmd: MAP LOAD FILE="../../../../../../[Projects]/[UnrealProjects]/Kraken/UnrealLegionnaries/JamProject/Content/HTOV/ArmyControlLevel.umap" TEMPLATE=0 SHOWPROGRESS=1 FEATURELEVEL=3
[2020.02.29-09.26.41:591][949]LightingResults: New page: Lighting Build
[2020.02.29-09.26.41:592][949]LoadErrors: New page: Loading map: ArmyControlLevel.umap
[2020.02.29-09.26.41:593][949]LogWorld: UWorld::CleanupWorld for Minimal_Default, bSessionEnded=true, bCleanupResources=true
[2020.02.29-09.26.41:593][949]LogSlate: InvalidateAllWidgets triggered.  All widgets were invalidated
[2020.02.29-09.26.41:593][949]MapCheck: New page: Map Check
[2020.02.29-09.26.41:593][949]LightingResults: New page: Lighting Build
[2020.02.29-09.26.41:622][949]LogUObjectHash: Compacting FUObjectHashTables data took   2.68ms
[2020.02.29-09.26.41:626][949]LogEditorServer: Finished looking for orphan Actors (0.000 secs)
[2020.02.29-09.26.41:660][949]LogUObjectHash: Compacting FUObjectHashTables data took   2.40ms
[2020.02.29-09.26.41:696][949]Cmd: MAP CHECKDEP NOCLEARLOG
[2020.02.29-09.26.41:696][949]MapCheck: Map check complete: 0 Error(s), 0 Warning(s), took 0.112ms to complete.
[2020.02.29-09.26.41:696][949]LogFileHelpers: Loading map 'ArmyControlLevel' took 0.108
[2020.02.29-09.26.48:250][326]MapCheck: New page: Map Check
[2020.02.29-09.26.48:274][326]Cmd: MAP REBUILD ALLVISIBLE
[2020.02.29-09.26.48:274][326]LogEditorServer: Rebuildmap Clear paths rebuilt
[2020.02.29-09.26.48:370][326]LogWorld: UWorld::CleanupWorld for ArmyControlLevel, bSessionEnded=true, bCleanupResources=false
[2020.02.29-09.26.48:440][326]LogUObjectHash: Compacting FUObjectHashTables data took   2.51ms
[2020.02.29-09.26.48:469][326]LogMaterial: Display: Missing cached shader map for material DebugViewMode MaterialTexCoordScale, compiling. 
[2020.02.29-09.26.48:501][326]LogShaderCompilers: Display: Worker (1/5): shaders left to compile 2
[2020.02.29-09.26.48:501][326]LogShaderCompilers: Display: Worker (2/5): shaders left to compile 1
[2020.02.29-09.26.48:501][326]LogMaterial: Display: Missing cached shader map for material DebugViewMode MaterialTexCoordScale, compiling. 
[2020.02.29-09.26.48:521][326]LogMaterial: Display: Missing cached shader map for material DebugViewMode MaterialTexCoordScale, compiling. 
[2020.02.29-09.26.49:620][326]LogShaderCompilers: Display: Worker (3/5): shaders left to compile 4
[2020.02.29-09.26.49:620][326]LogShaderCompilers: Display: Worker (4/5): shaders left to compile 3
[2020.02.29-09.26.49:620][326]LogShaderCompilers: Display: Worker (4/5): shaders left to compile 2
[2020.02.29-09.26.49:620][326]LogShaderCompilers: Display: Worker (2/5): shaders left to compile 1
[2020.02.29-09.26.49:620][326]TextureStreamingBuild: Display: Compiling optional shaders took 1.179 seconds.
[2020.02.29-09.26.49:706][326]LogLevel: Display: Export Material TexCoord Scales took 0.086 seconds.
[2020.02.29-09.26.49:709][326]TextureStreamingBuild: Display: Build Texture Streaming took 0.003 seconds.
[2020.02.29-09.26.49:734][326]LogUObjectHash: Compacting FUObjectHashTables data took   1.11ms
[2020.02.29-09.26.49:738][326]LightingResults: New page: Lighting Build - 29 Feb 2020, 15:26:49
[2020.02.29-09.26.49:792][326]LogSwarmInterface: [OpenConnection] Registering TCP channel ...
[2020.02.29-09.26.49:874][326]LogSwarmInterface: [OpenConnection] Connecting to agent ...
[2020.02.29-09.26.49:892][326]LogSwarmInterface: [TryOpenConnection] Testing the Agent
[2020.02.29-09.26.50:407][326]LogSwarmInterface: [TryOpenConnection] Opening Connection to Agent
[2020.02.29-09.26.50:407][326]LogSwarmInterface: [TryOpenConnection] Local Process ID is 18700
[2020.02.29-09.26.53:052][326]LogStaticLightingSystem: Warning: No importance volume found, so the scene bounding box was used.  You can optimize your scene's quality and lighting build times by adding importance volumes.
[2020.02.29-09.26.53:052][326]LogStaticLightingSystem: Running Lightmass w/ ImmediateImport mode ENABLED
[2020.02.29-09.26.53:052][326]LogStaticLightingSystem: Running Lightmass w/ ImmediateProcess mode ENABLED
[2020.02.29-09.26.53:052][326]LogStaticLightingSystem: Running Lightmass w/ Sorting mode ENABLED
[2020.02.29-09.26.53:052][326]LogStaticLightingSystem: Running Lightmass w/ Mapping paddings ENABLED
[2020.02.29-09.26.53:052][326]LogStaticLightingSystem: Running Lightmass w/ Mapping debug paddings DISABLED
[2020.02.29-09.26.53:279][326]Cmd: MAP CHECK DONTDISPLAYDIALOG
[2020.02.29-09.26.53:279][326]MapCheck: New page: ArmyControlLevel - 29 Feb 2020, 15:26:53
[2020.02.29-09.26.53:319][326]MapCheck: Error: WorldSettings_1 Maps need lighting rebuilt 
[2020.02.29-09.26.53:319][326]MapCheck: Map check complete: 1 Error(s), 0 Warning(s), took 40.136ms to complete.
[2020.02.29-09.26.53:322][326]LogEditorBuildUtils: Build time 0:05
[2020.02.29-09.26.53:951][330]LogUObjectHash: Compacting FUObjectHashTables data took   0.82ms
[2020.02.29-09.26.56:022][401]Job is a success!
[2020.02.29-09.26.56:271][402]LogVolumetricLightmapImport: Imported Volumetric Lightmap in 0.015s
[2020.02.29-09.26.56:271][402]LogVolumetricLightmapImport:      Indirection Texture 16x16x16 = 0.0Mb
[2020.02.29-09.26.56:271][402]LogVolumetricLightmapImport:      BrickData (all levels) 0.0Mb
[2020.02.29-09.26.56:271][402]LogVolumetricLightmapImport:      Bricks at depth
[2020.02.29-09.26.56:271][402]LogVolumetricLightmapImport:          0: 16.7% covering 100.0% of volume
[2020.02.29-09.26.56:271][402]LogVolumetricLightmapImport:          1: 16.7% covering 1.6% of volume
[2020.02.29-09.26.56:271][402]LogVolumetricLightmapImport:          2: 66.7% covering 0.1% of volume
[2020.02.29-09.26.56:271][402]LogVolumetricLightmapImport:      Bricks in each level
[2020.02.29-09.26.56:271][402]LogVolumetricLightmapImport:          ArmyControlLevel 			 6 bricks 	 100.0% (Persistent Level)
[2020.02.29-09.26.56:418][402]LogTexture: Display: Building textures: SkyOcclusion0_1 (AutoDXT, 256X128)
[2020.02.29-09.26.56:418][402]LogTexture: Display: Building textures: HQ_Lightmap0_1 (AutoDXT, 256X256)
[2020.02.29-09.26.56:418][402]LogTexture: Display: Building textures: LQ_Lightmap_0_1 (DXT1, 256X256)
[2020.02.29-09.26.56:418][402]LogTexture: Display: Building textures: SkyOcclusion0_2 (AutoDXT, 64X32)
[2020.02.29-09.26.56:418][402]LogTexture: Display: Building textures: HQ_Lightmap0_2 (AutoDXT, 64X64)
[2020.02.29-09.26.56:418][402]LogTexture: Display: Building textures: LQ_Lightmap_0_2 (DXT1, 64X64)
[2020.02.29-09.26.56:541][402]LogTexture: Display: Building textures: ShadowMapTexture2D_1 (G8, 32X32)
[2020.02.29-09.26.56:542][402]LogTexture: Display: Building textures: ShadowMapTexture2D_0 (G8, 256X128)
[2020.02.29-09.26.56:542][402]Lightmass on DESKTOP-5DKVJHC: 1.75 sec total, 259 ms importing, 43 ms setup, 150 ms photons, 1.25 sec processing, 0 ms extra exporting [3/3 mappings]. Threads: 8.79 sec total, 865 ms processing.
[2020.02.29-09.26.56:542][402]LogStaticLightingSystem: ArmyControlLevel_BuiltData storing lightmap data for 3 meshes in 2 LightmapResourceClusters (1.5 Meshes per cluster).
[2020.02.29-09.26.56:581][402]LogUObjectHash: Compacting FUObjectHashTables data took   1.61ms
[2020.02.29-09.26.56:643][402]LogStaticLightingSystem: Illumination: 6.81 sec (117 ms encoding lightmaps, 109 ms encoding shadowmaps)
[2020.02.29-09.26.56:643][402]LogStaticLightingSystem: Lightmap texture memory:  0.2 MB (0.2 MB streaming, 0.0 MB non-streaming), 4 textures
[2020.02.29-09.26.56:643][402]LogStaticLightingSystem: Shadowmap texture memory: 0.0 MB (0.0 MB streaming, 0.0 MB non-streaming), 2 textures
[2020.02.29-09.26.57:058][402]DumpUnbuiltLightIteractions
[2020.02.29-09.26.57:058][402]Lights with unbuilt interactions: 0
[2020.02.29-09.26.57:058][402]
[2020.02.29-09.26.57:058][402]Primitives with unbuilt interactions: 0
[2020.02.29-09.26.57:241][403]Cmd: MAP CHECK NOTIFYRESULTS
[2020.02.29-09.26.57:241][403]MapCheck: New page: ArmyControlLevel - 29 Feb 2020, 15:26:57
[2020.02.29-09.26.57:242][403]MapCheck: Map check complete: 0 Error(s), 0 Warning(s), took 0.522ms to complete.
[2020.02.29-09.27.00:335][583]LogSlate: Window 'Message Log' being destroyed
[2020.02.29-09.27.00:344][583]LogSlate: Window 'Message Log' being destroyed
[2020.02.29-09.27.02:450][718]LogUObjectHash: Compacting FUObjectHashTables data took   2.76ms
[2020.02.29-09.27.02:706][718]LogSavePackage: Moving '../../../../../../[Projects]/[UnrealProjects]/Kraken/UnrealLegionnaries/JamProject/Saved/ArmyControlLevelF9F8D18544F11D57AFA8878911BE6283.tmp' to '../../../../../../[Projects]/[UnrealProjects]/Kraken/UnrealLegionnaries/JamProject/Content/HTOV/ArmyControlLevel.umap'
[2020.02.29-09.27.02:776][718]LogSavePackage: Moving '../../../../../../[Projects]/[UnrealProjects]/Kraken/UnrealLegionnaries/JamProject/Saved/ArmyControlLevel_BuiltData5D95938B475D622BDF52CF98684581F1.tmp' to '../../../../../../[Projects]/[UnrealProjects]/Kraken/UnrealLegionnaries/JamProject/Content/HTOV/ArmyControlLevel_BuiltData.uasset'
[2020.02.29-09.27.02:795][718]AssetCheck: New page: Asset Save: multiple assets
[2020.02.29-09.27.02:796][718]LogContentValidation: Display: Validating World /Game/HTOV/ArmyControlLevel.ArmyControlLevel
[2020.02.29-09.27.02:796][718]LogContentValidation: Display: Validating MapBuildDataRegistry /Game/HTOV/ArmyControlLevel_BuiltData.ArmyControlLevel_BuiltData
